Using pre-set license
Built from '2022.1/staging' branch; Version is '2022.1.4f1 (76dd1f94b339) revision 7789855'; Using compiler version '192829333'; Build Type 'Release'
OS: 'Windows 10  (10.0.19044) 64bit Enterprise' Language: 'en' Physical Memory: 32512 MB
BatchMode: 1, IsHumanControllingUs: 0, StartBugReporterOnCrash: 0, Is64bit: 1, IsPro: 1

COMMAND LINE ARGUMENTS:
C:\Program Files\Unity 2022.1.4f1\Editor\Unity.exe
-adb2
-batchMode
-noUpm
-name
AssetImportWorker2
-projectPath
C:/Users/o014418k/Documents/GitHub/BoidsFYP/FYPBoids
-logFile
Logs/AssetImportWorker2.log
-srvPort
54784
Successfully changed project path to: C:/Users/o014418k/Documents/GitHub/BoidsFYP/FYPBoids
C:/Users/o014418k/Documents/GitHub/BoidsFYP/FYPBoids
[UnityMemory] Configuration Parameters - Can be set up in boot.config
    "memorysetup-bucket-allocator-granularity=16"
    "memorysetup-bucket-allocator-bucket-count=8"
    "memorysetup-bucket-allocator-block-size=33554432"
    "memorysetup-bucket-allocator-block-count=8"
    "memorysetup-main-allocator-block-size=16777216"
    "memorysetup-thread-allocator-block-size=16777216"
    "memorysetup-gfx-main-allocator-block-size=16777216"
    "memorysetup-gfx-thread-allocator-block-size=16777216"
    "memorysetup-cache-allocator-block-size=4194304"
    "memorysetup-typetree-allocator-block-size=2097152"
    "memorysetup-profiler-bucket-allocator-granularity=16"
    "memorysetup-profiler-bucket-allocator-bucket-count=8"
    "memorysetup-profiler-bucket-allocator-block-size=33554432"
    "memorysetup-profiler-bucket-allocator-block-count=8"
    "memorysetup-profiler-allocator-block-size=16777216"
    "memorysetup-profiler-editor-allocator-block-size=1048576"
    "memorysetup-temp-allocator-size-main=16777216"
    "memorysetup-job-temp-allocator-block-size=2097152"
    "memorysetup-job-temp-allocator-block-size-background=1048576"
    "memorysetup-job-temp-allocator-reduction-small-platforms=262144"
    "memorysetup-temp-allocator-size-background-worker=32768"
    "memorysetup-temp-allocator-size-job-worker=262144"
    "memorysetup-temp-allocator-size-preload-manager=33554432"
    "memorysetup-temp-allocator-size-nav-mesh-worker=65536"
    "memorysetup-temp-allocator-size-audio-worker=65536"
    "memorysetup-temp-allocator-size-cloud-worker=32768"
    "memorysetup-temp-allocator-size-gi-baking-worker=262144"
    "memorysetup-temp-allocator-size-gfx=262144"
Refreshing native plugins compatible for Editor in 66.63 ms, found 3 plugins.
Preloading 0 native plugins for Editor in 0.00 ms.
Initialize engine version: 2022.1.4f1 (76dd1f94b339)
[Subsystems] Discovering subsystems at path C:/Program Files/Unity 2022.1.4f1/Editor/Data/Resources/UnitySubsystems
[Subsystems] Discovering subsystems at path C:/Users/o014418k/Documents/GitHub/BoidsFYP/FYPBoids/Assets
GfxDevice: creating device client; threaded=0; jobified=0
Direct3D:
    Version:  Direct3D 11.0 [level 11.1]
    Renderer: NVIDIA GeForce RTX 3080 (ID=0x2206)
    Vendor:   NVIDIA
    VRAM:     10067 MB
    Driver:   31.0.15.2802
Initialize mono
Mono path[0] = 'C:/Program Files/Unity 2022.1.4f1/Editor/Data/Managed'
Mono path[1] = 'C:/Program Files/Unity 2022.1.4f1/Editor/Data/MonoBleedingEdge/lib/mono/unityjit-win32'
Mono config path = 'C:/Program Files/Unity 2022.1.4f1/Editor/Data/MonoBleedingEdge/etc'
Using monoOptions --debugger-agent=transport=dt_socket,embedding=1,server=y,suspend=n,address=127.0.0.1:56736
Begin MonoManager ReloadAssembly
Registering precompiled unity dll's ...
Register platform support module: C:/Program Files/Unity 2022.1.4f1/Editor/Data/PlaybackEngines/WebGLSupport/UnityEditor.WebGL.Extensions.dll
Register platform support module: C:/Program Files/Unity 2022.1.4f1/Editor/Data/PlaybackEngines/AndroidPlayer/UnityEditor.Android.Extensions.dll
Register platform support module: C:/Program Files/Unity 2022.1.4f1/Editor/Data/PlaybackEngines/WindowsStandaloneSupport/UnityEditor.WindowsStandalone.Extensions.dll
Registered in 0.005431 seconds.
Native extension for WindowsStandalone target not found
Native extension for Android target not found
Native extension for WebGL target not found
Refreshing native plugins compatible for Editor in 60.21 ms, found 3 plugins.
Preloading 0 native plugins for Editor in 0.00 ms.
Mono: successfully reloaded assembly
- Completed reload, in  0.548 seconds
Domain Reload Profiling:
	ReloadAssembly (548ms)
		BeginReloadAssembly (62ms)
			ExecutionOrderSort (0ms)
			DisableScriptedObjects (0ms)
			BackupInstance (0ms)
			ReleaseScriptingObjects (0ms)
			CreateAndSetChildDomain (1ms)
		EndReloadAssembly (396ms)
			LoadAssemblies (60ms)
			RebuildTransferFunctionScriptingTraits (0ms)
			SetupTypeCache (99ms)
				TypeCache.Initialize (98ms)
					TypeCache.ScanAssembly (97ms)
				ResolveRequiredComponents (0ms)
			ReleaseScriptCaches (0ms)
			RebuildScriptCaches (23ms)
			SetupLoadedEditorAssemblies (230ms)
				LogAssemblyErrors (0ms)
				InitializePlatformSupportModulesInManaged (34ms)
				SetLoadedEditorAssemblies (5ms)
				RefreshPlugins (60ms)
				BeforeProcessingInitializeOnLoad (1ms)
				ProcessInitializeOnLoadAttributes (91ms)
				ProcessInitializeOnLoadMethodAttributes (38ms)
				AfterProcessingInitializeOnLoad (0ms)
				EditorAssembliesLoaded (0ms)
			ExecutionOrderSort2 (0ms)
			AwakeInstancesAfterBackupRestoration (0ms)
Platform modules already initialized, skipping
Registering precompiled user dll's ...
Registered in 0.004367 seconds.
Begin MonoManager ReloadAssembly
Symbol file LoadedFromMemory doesn't match image C:\Users\o014418k\Documents\GitHub\BoidsFYP\FYPBoids\Library\PackageCache\com.unity.visualscripting@1.7.8\Editor\VisualScripting.Core\Dependencies\YamlDotNet\Unity.VisualScripting.YamlDotNet.dll
Symbol file LoadedFromMemory doesn't match image C:\Users\o014418k\Documents\GitHub\BoidsFYP\FYPBoids\Library\PackageCache\com.unity.visualscripting@1.7.8\Editor\VisualScripting.Core\Dependencies\DotNetZip\Unity.VisualScripting.IonicZip.dll
Native extension for WindowsStandalone target not found
Native extension for Android target not found
Native extension for WebGL target not found
Refreshing native plugins compatible for Editor in 0.47 ms, found 3 plugins.
Preloading 0 native plugins for Editor in 0.00 ms.
Mono: successfully reloaded assembly
- Completed reload, in  2.638 seconds
Domain Reload Profiling:
	ReloadAssembly (2639ms)
		BeginReloadAssembly (94ms)
			ExecutionOrderSort (0ms)
			DisableScriptedObjects (4ms)
			BackupInstance (0ms)
			ReleaseScriptingObjects (0ms)
			CreateAndSetChildDomain (18ms)
		EndReloadAssembly (2449ms)
			LoadAssemblies (535ms)
			RebuildTransferFunctionScriptingTraits (0ms)
			SetupTypeCache (672ms)
				TypeCache.Initialize (669ms)
					TypeCache.ScanAssembly (665ms)
				ResolveRequiredComponents (3ms)
			ReleaseScriptCaches (0ms)
			RebuildScriptCaches (43ms)
			SetupLoadedEditorAssemblies (1160ms)
				LogAssemblyErrors (0ms)
				InitializePlatformSupportModulesInManaged (13ms)
				SetLoadedEditorAssemblies (6ms)
				RefreshPlugins (1ms)
				BeforeProcessingInitializeOnLoad (68ms)
				ProcessInitializeOnLoadAttributes (265ms)
				ProcessInitializeOnLoadMethodAttributes (801ms)
				AfterProcessingInitializeOnLoad (6ms)
				EditorAssembliesLoaded (0ms)
			ExecutionOrderSort2 (0ms)
			AwakeInstancesAfterBackupRestoration (5ms)
Platform modules already initialized, skipping
========================================================================
Worker process is ready to serve import requests
Launched and connected shader compiler UnityShaderCompiler.exe after 0.03 seconds
Refreshing native plugins compatible for Editor in 0.49 ms, found 3 plugins.
Preloading 0 native plugins for Editor in 0.00 ms.
Unloading 3391 Unused Serialized files (Serialized files now loaded: 0)
Unloading 26 unused Assets / (57.8 KB). Loaded Objects now: 3853.
Memory consumption went from 0.51 GB to 0.51 GB.
Total: 3.615800 ms (FindLiveObjects: 0.318100 ms CreateObjectMapping: 0.166100 ms MarkObjects: 3.017400 ms  DeleteObjects: 0.112900 ms)

AssetImportParameters requested are different than current active one (requested -> active):
  custom:video-decoder-ogg-theora: a1e56fd34408186e4bbccfd4996cb3dc -> 
  custom:container-muxer-webm: aa71ff27fc2769a1b78a27578f13a17b -> 
  custom:container-demuxer-webm: 4f35f7cbe854078d1ac9338744f61a02 -> 
  custom:video-encoder-webm-vp8: eb34c28f22e8b96e1ab97ce403110664 -> 
  custom:audio-encoder-webm-vorbis: bf7c407c2cedff20999df2af8eb42d56 -> 
  custom:framework-win-MediaFoundation: 216162199b28c13a410421893ffa2e32 -> 
  custom:container-demuxer-ogg: 62fdf1f143b41e24485cea50d1cbac27 -> 
  custom:video-decoder-webm-vp8: 9c59270c3fd7afecdb556c50c9e8de78 -> 
  custom:audio-decoder-ogg-vorbis: bf7c407c2cedff20999df2af8eb42d56 -> 
========================================================================
Received Import Request.
  Time since last request: 40271.662445 seconds.
  path: Assets/Scripts/SceneController.cs
  artifactKey: Guid(d8ad20a9bb882714ea03636ab6610899) Importer(815301076,1909f56bfc062723c751e8b465ee728b)
Start importing Assets/Scripts/SceneController.cs using Guid(d8ad20a9bb882714ea03636ab6610899) Importer(815301076,1909f56bfc062723c751e8b465ee728b)  -> (artifact id: '00000000000000000000000000000000') in 0.021816 seconds  code(4) message(Build asset version error: assets/scripts/scenecontroller.cs in SourceAssetDB has modification time of '2023-03-31T14:04:21.032966Z' while content on disk has modification time of '2023-03-31T14:17:04.3883823Z')
  ERROR: Build asset version error: assets/scripts/scenecontroller.cs in SourceAssetDB has modification time of '2023-03-31T14:04:21.032966Z' while content on disk has modification time of '2023-03-31T14:17:04.3883823Z'
========================================================================
Received Prepare
Registering precompiled user dll's ...
Registered in 0.004729 seconds.
Begin MonoManager ReloadAssembly
Symbol file LoadedFromMemory doesn't match image C:\Users\o014418k\Documents\GitHub\BoidsFYP\FYPBoids\Library\PackageCache\com.unity.visualscripting@1.7.8\Editor\VisualScripting.Core\Dependencies\YamlDotNet\Unity.VisualScripting.YamlDotNet.dll
Symbol file LoadedFromMemory doesn't match image C:\Users\o014418k\Documents\GitHub\BoidsFYP\FYPBoids\Library\PackageCache\com.unity.visualscripting@1.7.8\Editor\VisualScripting.Core\Dependencies\DotNetZip\Unity.VisualScripting.IonicZip.dll
Native extension for WindowsStandalone target not found
Native extension for Android target not found
Native extension for WebGL target not found
Refreshing native plugins compatible for Editor in 0.50 ms, found 3 plugins.
Preloading 0 native plugins for Editor in 0.00 ms.
Mono: successfully reloaded assembly
- Completed reload, in  0.817 seconds
Domain Reload Profiling:
	ReloadAssembly (818ms)
		BeginReloadAssembly (112ms)
			ExecutionOrderSort (0ms)
			DisableScriptedObjects (4ms)
			BackupInstance (0ms)
			ReleaseScriptingObjects (0ms)
			CreateAndSetChildDomain (38ms)
		EndReloadAssembly (632ms)
			LoadAssemblies (63ms)
			RebuildTransferFunctionScriptingTraits (0ms)
			SetupTypeCache (228ms)
				TypeCache.Initialize (225ms)
					TypeCache.ScanAssembly (220ms)
				ResolveRequiredComponents (3ms)
			ReleaseScriptCaches (1ms)
			RebuildScriptCaches (32ms)
			SetupLoadedEditorAssemblies (265ms)
				LogAssemblyErrors (0ms)
				InitializePlatformSupportModulesInManaged (18ms)
				SetLoadedEditorAssemblies (5ms)
				RefreshPlugins (1ms)
				BeforeProcessingInitializeOnLoad (49ms)
				ProcessInitializeOnLoadAttributes (167ms)
				ProcessInitializeOnLoadMethodAttributes (21ms)
				AfterProcessingInitializeOnLoad (5ms)
				EditorAssembliesLoaded (0ms)
			ExecutionOrderSort2 (0ms)
			AwakeInstancesAfterBackupRestoration (5ms)
Platform modules already initialized, skipping
Refreshing native plugins compatible for Editor in 1.27 ms, found 3 plugins.
Preloading 0 native plugins for Editor in 0.00 ms.
Unloading 3384 Unused Serialized files (Serialized files now loaded: 0)
Unloading 19 unused Assets / (25.4 KB). Loaded Objects now: 3856.
Memory consumption went from 0.51 GB to 0.51 GB.
Total: 2.270300 ms (FindLiveObjects: 0.217300 ms CreateObjectMapping: 0.123800 ms MarkObjects: 1.900900 ms  DeleteObjects: 0.026500 ms)

AssetImportParameters requested are different than current active one (requested -> active):
  custom:video-decoder-ogg-theora: a1e56fd34408186e4bbccfd4996cb3dc -> 
  custom:container-muxer-webm: aa71ff27fc2769a1b78a27578f13a17b -> 
  custom:container-demuxer-webm: 4f35f7cbe854078d1ac9338744f61a02 -> 
  custom:video-encoder-webm-vp8: eb34c28f22e8b96e1ab97ce403110664 -> 
  custom:audio-encoder-webm-vorbis: bf7c407c2cedff20999df2af8eb42d56 -> 
  custom:framework-win-MediaFoundation: 216162199b28c13a410421893ffa2e32 -> 
  custom:container-demuxer-ogg: 62fdf1f143b41e24485cea50d1cbac27 -> 
  custom:video-decoder-webm-vp8: 9c59270c3fd7afecdb556c50c9e8de78 -> 
  custom:audio-decoder-ogg-vorbis: bf7c407c2cedff20999df2af8eb42d56 -> 
========================================================================
Received Import Request.
  Time since last request: 14.557075 seconds.
  path: Assets/Prefabs/BoidPrefab.prefab
  artifactKey: Guid(eb1a620dbacc7534088b3aa8f659fb5a) Importer(815301076,1909f56bfc062723c751e8b465ee728b)
Start importing Assets/Prefabs/BoidPrefab.prefab using Guid(eb1a620dbacc7534088b3aa8f659fb5a) Importer(815301076,1909f56bfc062723c751e8b465ee728b)  -> (artifact id: 'a2bce6c721c9b3ea7a89df9b85d1db0c') in 0.091156 seconds 
========================================================================
Received Import Request.
  Time since last request: 4.860759 seconds.
  path: Assets
  artifactKey: Guid(00000000000000001000000000000000) Importer(815301076,1909f56bfc062723c751e8b465ee728b)
Start importing Assets using Guid(00000000000000001000000000000000) Importer(815301076,1909f56bfc062723c751e8b465ee728b)  -> (artifact id: '643dbe22ecb75e7bba7c4df53f6b1cbf') in 0.008623 seconds 
========================================================================
Received Import Request.
  Time since last request: 7.481356 seconds.
  path: Assets/Skybox
  artifactKey: Guid(ec7cb3fa0b98e89489f70b3fed1f2551) Importer(815301076,1909f56bfc062723c751e8b465ee728b)
Start importing Assets/Skybox using Guid(ec7cb3fa0b98e89489f70b3fed1f2551) Importer(815301076,1909f56bfc062723c751e8b465ee728b)  -> (artifact id: '57919da0441a8e4273d903ade1359fa7') in 0.006655 seconds 
========================================================================
Received Import Request.
  Time since last request: 11.213894 seconds.
  path: Assets/Skybox/underwater_skybox.glb
  artifactKey: Guid(e651c065c73e6904d978aa829c07df02) Importer(815301076,1909f56bfc062723c751e8b465ee728b)
Start importing Assets/Skybox/underwater_skybox.glb using Guid(e651c065c73e6904d978aa829c07df02) Importer(815301076,1909f56bfc062723c751e8b465ee728b)  -> (artifact id: 'f285494c5aa3951fded1364b47b24bcb') in 0.010260 seconds 
========================================================================
Received Import Request.
  Time since last request: 90.137598 seconds.
  path: Assets/Skybox/UndewaterSkyBox.fbx
  artifactKey: Guid(4da61ab90ac49fa4fb39b64b507dbe08) Importer(815301076,1909f56bfc062723c751e8b465ee728b)
Start importing Assets/Skybox/UndewaterSkyBox.fbx using Guid(4da61ab90ac49fa4fb39b64b507dbe08) Importer(815301076,1909f56bfc062723c751e8b465ee728b)  -> (artifact id: 'd38f374fab5ab3e54eceeeefe71ae36e') in 0.053734 seconds 
========================================================================
Received Import Request.
  Time since last request: 15.627332 seconds.
  path: Assets/Skybox/UnderwaterSkyBox.fbx
  artifactKey: Guid(4da61ab90ac49fa4fb39b64b507dbe08) Importer(815301076,1909f56bfc062723c751e8b465ee728b)
Start importing Assets/Skybox/UnderwaterSkyBox.fbx using Guid(4da61ab90ac49fa4fb39b64b507dbe08) Importer(815301076,1909f56bfc062723c751e8b465ee728b)  -> (artifact id: '3a666a1a97306d49c80a70795a3d1757') in 0.027691 seconds 
========================================================================
Received Import Request.
  Time since last request: 152.138162 seconds.
  path: Assets/Skybox/texture.jpeg
  artifactKey: Guid(72426ee4d609bcc42b00d6b8f9d106a0) Importer(815301076,1909f56bfc062723c751e8b465ee728b)
Start importing Assets/Skybox/texture.jpeg using Guid(72426ee4d609bcc42b00d6b8f9d106a0) Importer(815301076,1909f56bfc062723c751e8b465ee728b)  -> (artifact id: '41f76ccabeb6301e997804215f6c16e0') in 0.026479 seconds 
========================================================================
Received Import Request.
  Time since last request: 13.138211 seconds.
  path: Assets/Skybox/New Material.mat
  artifactKey: Guid(e76f7e31501da4f44b9c086deaa06ecf) Importer(815301076,1909f56bfc062723c751e8b465ee728b)
Start importing Assets/Skybox/New Material.mat using Guid(e76f7e31501da4f44b9c086deaa06ecf) Importer(815301076,1909f56bfc062723c751e8b465ee728b)  -> (artifact id: '0e05c1d18505ddf148ac576f8c45ffeb') in 0.017033 seconds 
========================================================================
Received Import Request.
  Time since last request: 76.981915 seconds.
  path: Assets/Skybox/AnyConv.com__texture.hdr
  artifactKey: Guid(e1c7fe6904eb2864fbfa867675990bfd) Importer(815301076,1909f56bfc062723c751e8b465ee728b)
Start importing Assets/Skybox/AnyConv.com__texture.hdr using Guid(e1c7fe6904eb2864fbfa867675990bfd) Importer(815301076,1909f56bfc062723c751e8b465ee728b)  -> (artifact id: 'a233164d7e133669a2a8660d30bbe441') in 0.019599 seconds 
========================================================================
Received Import Request.
  Time since last request: 61.112415 seconds.
  path: Assets/Skybox/AnyConv.com__texture.hdr
  artifactKey: Guid(e1c7fe6904eb2864fbfa867675990bfd) Importer(815301076,1909f56bfc062723c751e8b465ee728b)
Start importing Assets/Skybox/AnyConv.com__texture.hdr using Guid(e1c7fe6904eb2864fbfa867675990bfd) Importer(815301076,1909f56bfc062723c751e8b465ee728b)  -> (artifact id: '865b19fa5365d90ea1e92009e18e65c7') in 0.074962 seconds 
========================================================================
Received Import Request.
  Time since last request: 14.071145 seconds.
  path: Assets/Skybox/SkyCubeTextue.hdr
  artifactKey: Guid(e1c7fe6904eb2864fbfa867675990bfd) Importer(815301076,1909f56bfc062723c751e8b465ee728b)
Start importing Assets/Skybox/SkyCubeTextue.hdr using Guid(e1c7fe6904eb2864fbfa867675990bfd) Importer(815301076,1909f56bfc062723c751e8b465ee728b)  -> (artifact id: '1a2138e8b08175aaf6b3ce03e1aeffc1') in 0.045511 seconds 
========================================================================
Received Import Request.
  Time since last request: 15.296152 seconds.
  path: Assets/Skybox/UnderWaterSkyBox.mat
  artifactKey: Guid(e76f7e31501da4f44b9c086deaa06ecf) Importer(815301076,1909f56bfc062723c751e8b465ee728b)
Start importing Assets/Skybox/UnderWaterSkyBox.mat using Guid(e76f7e31501da4f44b9c086deaa06ecf) Importer(815301076,1909f56bfc062723c751e8b465ee728b)  -> (artifact id: '1907b23aa05702ae57fb85e7f17a256d') in 0.063364 seconds 
========================================================================
Received Prepare
Registering precompiled user dll's ...
Registered in 0.004205 seconds.
Begin MonoManager ReloadAssembly
Symbol file LoadedFromMemory doesn't match image C:\Users\o014418k\Documents\GitHub\BoidsFYP\FYPBoids\Library\PackageCache\com.unity.visualscripting@1.7.8\Editor\VisualScripting.Core\Dependencies\YamlDotNet\Unity.VisualScripting.YamlDotNet.dll
Symbol file LoadedFromMemory doesn't match image C:\Users\o014418k\Documents\GitHub\BoidsFYP\FYPBoids\Library\PackageCache\com.unity.visualscripting@1.7.8\Editor\VisualScripting.Core\Dependencies\DotNetZip\Unity.VisualScripting.IonicZip.dll
Native extension for WindowsStandalone target not found
Native extension for Android target not found
Native extension for WebGL target not found
Refreshing native plugins compatible for Editor in 0.69 ms, found 3 plugins.
Preloading 0 native plugins for Editor in 0.00 ms.
Mono: successfully reloaded assembly
- Completed reload, in  0.878 seconds
Domain Reload Profiling:
	ReloadAssembly (879ms)
		BeginReloadAssembly (116ms)
			ExecutionOrderSort (0ms)
			DisableScriptedObjects (3ms)
			BackupInstance (0ms)
			ReleaseScriptingObjects (0ms)
			CreateAndSetChildDomain (39ms)
		EndReloadAssembly (665ms)
			LoadAssemblies (68ms)
			RebuildTransferFunctionScriptingTraits (0ms)
			SetupTypeCache (230ms)
				TypeCache.Initialize (227ms)
					TypeCache.ScanAssembly (221ms)
				ResolveRequiredComponents (3ms)
			ReleaseScriptCaches (1ms)
			RebuildScriptCaches (40ms)
			SetupLoadedEditorAssemblies (282ms)
				LogAssemblyErrors (0ms)
				InitializePlatformSupportModulesInManaged (19ms)
				SetLoadedEditorAssemblies (5ms)
				RefreshPlugins (1ms)
				BeforeProcessingInitializeOnLoad (51ms)
				ProcessInitializeOnLoadAttributes (179ms)
				ProcessInitializeOnLoadMethodAttributes (22ms)
				AfterProcessingInitializeOnLoad (5ms)
				EditorAssembliesLoaded (0ms)
			ExecutionOrderSort2 (0ms)
			AwakeInstancesAfterBackupRestoration (5ms)
Platform modules already initialized, skipping
Refreshing native plugins compatible for Editor in 1.30 ms, found 3 plugins.
Preloading 0 native plugins for Editor in 0.00 ms.
Unloading 3384 Unused Serialized files (Serialized files now loaded: 0)
Unloading 18 unused Assets / (24.7 KB). Loaded Objects now: 3909.
Memory consumption went from 0.51 GB to 0.51 GB.
Total: 2.227000 ms (FindLiveObjects: 0.215700 ms CreateObjectMapping: 0.092300 ms MarkObjects: 1.903000 ms  DeleteObjects: 0.015100 ms)

AssetImportParameters requested are different than current active one (requested -> active):
  custom:video-decoder-ogg-theora: a1e56fd34408186e4bbccfd4996cb3dc -> 
  custom:container-muxer-webm: aa71ff27fc2769a1b78a27578f13a17b -> 
  custom:container-demuxer-webm: 4f35f7cbe854078d1ac9338744f61a02 -> 
  custom:video-encoder-webm-vp8: eb34c28f22e8b96e1ab97ce403110664 -> 
  custom:audio-encoder-webm-vorbis: bf7c407c2cedff20999df2af8eb42d56 -> 
  custom:framework-win-MediaFoundation: 216162199b28c13a410421893ffa2e32 -> 
  custom:container-demuxer-ogg: 62fdf1f143b41e24485cea50d1cbac27 -> 
  custom:video-decoder-webm-vp8: 9c59270c3fd7afecdb556c50c9e8de78 -> 
  custom:audio-decoder-ogg-vorbis: bf7c407c2cedff20999df2af8eb42d56 -> 
========================================================================
Received Import Request.
  Time since last request: 266.674980 seconds.
  path: Assets/Skybox/Underwater.hdr
  artifactKey: Guid(737883043738ed64fa6010635aa3dcc1) Importer(815301076,1909f56bfc062723c751e8b465ee728b)
Start importing Assets/Skybox/Underwater.hdr using Guid(737883043738ed64fa6010635aa3dcc1) Importer(815301076,1909f56bfc062723c751e8b465ee728b)  -> (artifact id: 'a27cf625c91da6417a81c5e61d164267') in 0.041948 seconds 
========================================================================
Received Import Request.
  Time since last request: 177.165866 seconds.
  path: Assets/Skybox/AnyConv.com__Water.hdr
  artifactKey: Guid(9d1d5163a2131c343afd17c774b26a14) Importer(815301076,1909f56bfc062723c751e8b465ee728b)
Start importing Assets/Skybox/AnyConv.com__Water.hdr using Guid(9d1d5163a2131c343afd17c774b26a14) Importer(815301076,1909f56bfc062723c751e8b465ee728b)  -> (artifact id: '35a46728da9e69c6a086b384554a2c43') in 0.014544 seconds 
========================================================================
Received Import Request.
  Time since last request: 17.518308 seconds.
  path: Assets/Skybox/texture.jpeg
  artifactKey: Guid(72426ee4d609bcc42b00d6b8f9d106a0) Importer(815301076,1909f56bfc062723c751e8b465ee728b)
Start importing Assets/Skybox/texture.jpeg using Guid(72426ee4d609bcc42b00d6b8f9d106a0) Importer(815301076,1909f56bfc062723c751e8b465ee728b)  -> (artifact id: '8683884be3b00f066b4d0b4d8e4fc1b3') in 0.011760 seconds 
========================================================================
Received Import Request.
  Time since last request: 10.318081 seconds.
  path: Assets/Skybox/texture.jpeg
  artifactKey: Guid(72426ee4d609bcc42b00d6b8f9d106a0) Importer(815301076,1909f56bfc062723c751e8b465ee728b)
Start importing Assets/Skybox/texture.jpeg using Guid(72426ee4d609bcc42b00d6b8f9d106a0) Importer(815301076,1909f56bfc062723c751e8b465ee728b)  -> (artifact id: 'c0184af7305f700d7c0da4c412f29dd1') in 0.039882 seconds 
========================================================================
Received Import Request.
  Time since last request: 27.168694 seconds.
  path: Assets/Skybox/UnderWaterSkyBox.mat
  artifactKey: Guid(e76f7e31501da4f44b9c086deaa06ecf) Importer(815301076,1909f56bfc062723c751e8b465ee728b)
Start importing Assets/Skybox/UnderWaterSkyBox.mat using Guid(e76f7e31501da4f44b9c086deaa06ecf) Importer(815301076,1909f56bfc062723c751e8b465ee728b)  -> (artifact id: 'af658d9c7901ddd40fcc184b3dbbce24') in 0.040727 seconds 
========================================================================
Received Prepare
Registering precompiled user dll's ...
Registered in 0.003535 seconds.
Begin MonoManager ReloadAssembly
Symbol file LoadedFromMemory doesn't match image C:\Users\o014418k\Documents\GitHub\BoidsFYP\FYPBoids\Library\PackageCache\com.unity.visualscripting@1.7.8\Editor\VisualScripting.Core\Dependencies\YamlDotNet\Unity.VisualScripting.YamlDotNet.dll
Symbol file LoadedFromMemory doesn't match image C:\Users\o014418k\Documents\GitHub\BoidsFYP\FYPBoids\Library\PackageCache\com.unity.visualscripting@1.7.8\Editor\VisualScripting.Core\Dependencies\DotNetZip\Unity.VisualScripting.IonicZip.dll
Native extension for WindowsStandalone target not found
Native extension for Android target not found
Native extension for WebGL target not found
Refreshing native plugins compatible for Editor in 0.55 ms, found 3 plugins.
Preloading 0 native plugins for Editor in 0.00 ms.
Mono: successfully reloaded assembly
- Completed reload, in  0.846 seconds
Domain Reload Profiling:
	ReloadAssembly (847ms)
		BeginReloadAssembly (108ms)
			ExecutionOrderSort (0ms)
			DisableScriptedObjects (3ms)
			BackupInstance (0ms)
			ReleaseScriptingObjects (0ms)
			CreateAndSetChildDomain (33ms)
		EndReloadAssembly (659ms)
			LoadAssemblies (69ms)
			RebuildTransferFunctionScriptingTraits (0ms)
			SetupTypeCache (232ms)
				TypeCache.Initialize (228ms)
					TypeCache.ScanAssembly (224ms)
				ResolveRequiredComponents (3ms)
			ReleaseScriptCaches (1ms)
			RebuildScriptCaches (35ms)
			SetupLoadedEditorAssemblies (278ms)
				LogAssemblyErrors (0ms)
				InitializePlatformSupportModulesInManaged (18ms)
				SetLoadedEditorAssemblies (5ms)
				RefreshPlugins (1ms)
				BeforeProcessingInitializeOnLoad (54ms)
				ProcessInitializeOnLoadAttributes (174ms)
				ProcessInitializeOnLoadMethodAttributes (22ms)
				AfterProcessingInitializeOnLoad (5ms)
				EditorAssembliesLoaded (0ms)
			ExecutionOrderSort2 (0ms)
			AwakeInstancesAfterBackupRestoration (5ms)
Platform modules already initialized, skipping
Refreshing native plugins compatible for Editor in 1.28 ms, found 3 plugins.
Preloading 0 native plugins for Editor in 0.00 ms.
Unloading 3384 Unused Serialized files (Serialized files now loaded: 0)
Unloading 18 unused Assets / (24.6 KB). Loaded Objects now: 3912.
Memory consumption went from 0.51 GB to 0.51 GB.
Total: 2.295800 ms (FindLiveObjects: 0.204700 ms CreateObjectMapping: 0.107000 ms MarkObjects: 1.961700 ms  DeleteObjects: 0.014600 ms)

AssetImportParameters requested are different than current active one (requested -> active):
  custom:video-decoder-ogg-theora: a1e56fd34408186e4bbccfd4996cb3dc -> 
  custom:container-muxer-webm: aa71ff27fc2769a1b78a27578f13a17b -> 
  custom:container-demuxer-webm: 4f35f7cbe854078d1ac9338744f61a02 -> 
  custom:video-encoder-webm-vp8: eb34c28f22e8b96e1ab97ce403110664 -> 
  custom:audio-encoder-webm-vorbis: bf7c407c2cedff20999df2af8eb42d56 -> 
  custom:framework-win-MediaFoundation: 216162199b28c13a410421893ffa2e32 -> 
  custom:container-demuxer-ogg: 62fdf1f143b41e24485cea50d1cbac27 -> 
  custom:video-decoder-webm-vp8: 9c59270c3fd7afecdb556c50c9e8de78 -> 
  custom:audio-decoder-ogg-vorbis: bf7c407c2cedff20999df2af8eb42d56 -> 
